Determining if the include file stdint.h exists failed with the following output:
Change Dir: E:/SVN/Google/cppbech/thirdpart/zlib-1.2.7/build/CMakeFiles/CMakeTmp

Run Build Command:D:\PROGRA~1\MICROS~1.0\Common7\IDE\devenv.com CMAKE_TRY_COMPILE.sln /build Debug /project cmTryCompileExec633575358

Microsoft (R) Visual Studio Version 9.0.21022.8.
Copyright (C) Microsoft Corp. All rights reserved.
1>------ Build started: Project: cmTryCompileExec633575358, Configuration: Debug Win32 ------
1>Compiling...
1>Microsoft (R) 32-bit C/C++ Optimizing Compiler Version 15.00.21022.08 for 80x86
1>Copyright (C) Microsoft Corporation.  All rights reserved.
1>cl /Od /D "WIN32" /D "_WINDOWS" /D "_DEBUG" /D "CMAKE_INTDIR=\"Debug\"" /D "_MBCS" /FD /RTC1 /MDd /Fo"cmTryCompileExec633575358.dir\Debug\\" /Fd"E:\SVN\Google\cppbech\thirdpart\zlib-1.2.7\build\CMakeFiles\CMakeTmp\Debug/cmTryCompileExec633575358.pdb" /W3 /c /Zi /TC   /Zm1000
1>   ".\CheckIncludeFile.c"
1>CheckIncludeFile.c
1>.\CheckIncludeFile.c(1) : fatal error C1083: Cannot open include file: 'stdint.h': No such file or directory
1>Build log was saved at "file://e:\SVN\Google\cppbech\thirdpart\zlib-1.2.7\build\CMakeFiles\CMakeTmp\cmTryCompileExec633575358.dir\Debug\BuildLog.htm"
1>cmTryCompileExec633575358 - 1 error(s), 0 warning(s)
========== Build: 0 succeeded, 1 failed, 0 up-to-date, 0 skipped ==========


Determining size of off64_t failed with the following output:
Change Dir: E:/SVN/Google/cppbech/thirdpart/zlib-1.2.7/build/CMakeFiles/CMakeTmp

Run Build Command:D:\PROGRA~1\MICROS~1.0\Common7\IDE\devenv.com CMAKE_TRY_COMPILE.sln /build Debug /project cmTryCompileExec4178727759

Microsoft (R) Visual Studio Version 9.0.21022.8.
Copyright (C) Microsoft Corp. All rights reserved.
1>------ Build started: Project: cmTryCompileExec4178727759, Configuration: Debug Win32 ------
1>Compiling...
1>Microsoft (R) 32-bit C/C++ Optimizing Compiler Version 15.00.21022.08 for 80x86
1>Copyright (C) Microsoft Corporation.  All rights reserved.
1>cl /Od /D "WIN32" /D "_WINDOWS" /D "_DEBUG" /D "_LARGEFILE64_SOURCE=1" /D "HAVE_SYS_TYPES_H" /D "HAVE_STDDEF_H" /D "CMAKE_INTDIR=\"Debug\"" /D "_MBCS" /FD /RTC1 /MDd /Fo"cmTryCompileExec4178727759.dir\Debug\\" /Fd"E:\SVN\Google\cppbech\thirdpart\zlib-1.2.7\build\CMakeFiles\CMakeTmp\Debug/cmTryCompileExec4178727759.pdb" /W3 /c /Zi /TC   /Zm1000
1>   "..\CheckTypeSize\OFF64_T.c"
1>OFF64_T.c
1>..\CheckTypeSize\OFF64_T.c(18) : error C2065: 'off64_t' : undeclared identifier
1>..\CheckTypeSize\OFF64_T.c(19) : error C2065: 'off64_t' : undeclared identifier
1>..\CheckTypeSize\OFF64_T.c(20) : error C2065: 'off64_t' : undeclared identifier
1>..\CheckTypeSize\OFF64_T.c(21) : error C2065: 'off64_t' : undeclared identifier
1>..\CheckTypeSize\OFF64_T.c(22) : error C2065: 'off64_t' : undeclared identifier
1>Build log was saved at "file://e:\SVN\Google\cppbech\thirdpart\zlib-1.2.7\build\CMakeFiles\CMakeTmp\cmTryCompileExec4178727759.dir\Debug\BuildLog.htm"
1>cmTryCompileExec4178727759 - 5 error(s), 0 warning(s)
========== Build: 0 succeeded, 1 failed, 0 up-to-date, 0 skipped ==========

E:/SVN/Google/cppbech/thirdpart/zlib-1.2.7/build/CMakeFiles/CheckTypeSize/OFF64_T.c:
#include <sys/types.h>
#include <stddef.h>


#undef KEY
#if defined(__i386)
# define KEY '_','_','i','3','8','6'
#elif defined(__x86_64)
# define KEY '_','_','x','8','6','_','6','4'
#elif defined(__ppc__)
# define KEY '_','_','p','p','c','_','_'
#elif defined(__ppc64__)
# define KEY '_','_','p','p','c','6','4','_','_'
#endif

#define SIZE (sizeof(off64_t))
char info_size[] =  {'I', 'N', 'F', 'O', ':', 's','i','z','e','[',
  ('0' + ((SIZE / 10000)%10)),
  ('0' + ((SIZE / 1000)%10)),
  ('0' + ((SIZE / 100)%10)),
  ('0' + ((SIZE / 10)%10)),
  ('0' +  (SIZE    % 10)),
  ']',
#ifdef KEY
  ' ','k','e','y','[', KEY, ']',
#endif
  '\0'};

#ifdef __CLASSIC_C__
int main(argc, argv) int argc; char *argv[];
#else
int main(int argc, char *argv[])
#endif
{
  int require = 0;
  require += info_size[argc];
  (void)argv;
  return require;
}


Determining if the function fseeko exists failed with the following output:
Change Dir: E:/SVN/Google/cppbech/thirdpart/zlib-1.2.7/build/CMakeFiles/CMakeTmp

Run Build Command:D:\PROGRA~1\MICROS~1.0\Common7\IDE\devenv.com CMAKE_TRY_COMPILE.sln /build Debug /project cmTryCompileExec335633378

Microsoft (R) Visual Studio Version 9.0.21022.8.
Copyright (C) Microsoft Corp. All rights reserved.
1>------ Build started: Project: cmTryCompileExec335633378, Configuration: Debug Win32 ------
1>Compiling...
1>Microsoft (R) 32-bit C/C++ Optimizing Compiler Version 15.00.21022.08 for 80x86
1>Copyright (C) Microsoft Corporation.  All rights reserved.
1>cl /Od /D "WIN32" /D "_WINDOWS" /D "CHECK_FUNCTION_EXISTS=fseeko" /D "_DEBUG" /D "CMAKE_INTDIR=\"Debug\"" /D "_MBCS" /FD /RTC1 /MDd /Fo"cmTryCompileExec335633378.dir\Debug\\" /Fd"E:\SVN\Google\cppbech\thirdpart\zlib-1.2.7\build\CMakeFiles\CMakeTmp\Debug/cmTryCompileExec335633378.pdb" /W3 /c /Zi /TC   /Zm1000
1>   "D:\SDK\CMake 2.8\share\cmake-2.8\Modules\CheckFunctionExists.c"
1>CheckFunctionExists.c
1>Compiling manifest to resources...
1>Microsoft (R) Windows (R) Resource Compiler Version 6.0.5724.0
1>Copyright (C) Microsoft Corporation.  All rights reserved.
1>Linking...
1>CheckFunctionExists.obj : error LNK2019: unresolved external symbol _fseeko referenced in function _main
1>E:\SVN\Google\cppbech\thirdpart\zlib-1.2.7\build\CMakeFiles\CMakeTmp\Debug\cmTryCompileExec335633378.exe : fatal error LNK1120: 1 unresolved externals
1>Build log was saved at "file://e:\SVN\Google\cppbech\thirdpart\zlib-1.2.7\build\CMakeFiles\CMakeTmp\cmTryCompileExec335633378.dir\Debug\BuildLog.htm"
1>cmTryCompileExec335633378 - 2 error(s), 0 warning(s)
========== Build: 0 succeeded, 1 failed, 0 up-to-date, 0 skipped ==========


Determining if the include file unistd.h exists failed with the following output:
Change Dir: E:/SVN/Google/cppbech/thirdpart/zlib-1.2.7/build/CMakeFiles/CMakeTmp

Run Build Command:D:\PROGRA~1\MICROS~1.0\Common7\IDE\devenv.com CMAKE_TRY_COMPILE.sln /build Debug /project cmTryCompileExec504097552

Microsoft (R) Visual Studio Version 9.0.21022.8.
Copyright (C) Microsoft Corp. All rights reserved.
1>------ Build started: Project: cmTryCompileExec504097552, Configuration: Debug Win32 ------
1>Compiling...
1>Microsoft (R) 32-bit C/C++ Optimizing Compiler Version 15.00.21022.08 for 80x86
1>Copyright (C) Microsoft Corporation.  All rights reserved.
1>cl /Od /D "WIN32" /D "_WINDOWS" /D "_DEBUG" /D "CMAKE_INTDIR=\"Debug\"" /D "_MBCS" /FD /RTC1 /MDd /Fo"cmTryCompileExec504097552.dir\Debug\\" /Fd"E:\SVN\Google\cppbech\thirdpart\zlib-1.2.7\build\CMakeFiles\CMakeTmp\Debug/cmTryCompileExec504097552.pdb" /W3 /c /Zi /TC   /Zm1000
1>   ".\CheckIncludeFile.c"
1>CheckIncludeFile.c
1>.\CheckIncludeFile.c(1) : fatal error C1083: Cannot open include file: 'unistd.h': No such file or directory
1>Build log was saved at "file://e:\SVN\Google\cppbech\thirdpart\zlib-1.2.7\build\CMakeFiles\CMakeTmp\cmTryCompileExec504097552.dir\Debug\BuildLog.htm"
1>cmTryCompileExec504097552 - 1 error(s), 0 warning(s)
========== Build: 0 succeeded, 1 failed, 0 up-to-date, 0 skipped ==========


